<?xml version="1.0" encoding="UTF-8"?>
<testsuite name="Test"
           tests="1"
           failures="1"
           errors="0"
           skipped="0"
           time="7133.569">
  <properties />
            <testcase name="acceptPush" time="7133.569" classname="iosTest.TeacherLoginTest">
                <failure type="org.openqa.selenium.NoSuchElementException"
                  message="An element could not be located on the page using the given search parameters. (WARNING: The server did not provide any stacktrace information)
Command duration or timeout: 1.58 seconds
For documentation on this error, please visit: http://seleniumhq.org/exceptions/no_such_element.html
Build info: version: &apos;3.4.0&apos;, revision: &apos;unknown&apos;, time: &apos;unknown&apos;
System info: host: &apos;MengfeifeideMac-Mini.local&apos;, ip: &apos;10.20.30.108&apos;, os.name: &apos;Mac OS X&apos;, os.arch: &apos;x86_64&apos;, os.version: &apos;10.12.3&apos;, java.version: &apos;1.8.0_121&apos;
Driver info: io.appium.java_client.ios.IOSDriver
Capabilities [{app=/Users/mff/Desktop/workspace/AiXuePaiForIOS/src/test/resource/ettAiXuePaiNextGen.app, networkConnectionEnabled=false, noReset=false, bundleId=com.etiantian.ettaixuepai, databaseEnabled=false, deviceName=iPad mini2, platform=UNIX, platformVersion=9.3.3, webStorageEnabled=false, locationContextEnabled=false, automationName=XCUITest, browserName=, takesScreenshot=true, javascriptEnabled=true, udid=4d5a7ada1f9f8025019021777679610424440b68, platformName=iOS, autoAcceptAlerts=true}]
Session ID: 98cde486-9ed8-487f-9d12-cf38ecae1cc8
*** Element info: {Using=id, value=返回}"
              >
<![CDATA[org.openqa.selenium.NoSuchElementException: An element could not be located on the page using the given search parameters. (WARNING: The server did not provide any stacktrace information)
Command duration or timeout: 1.58 seconds
For documentation on this error, please visit: http://seleniumhq.org/exceptions/no_such_element.html
Build info: version: '3.4.0', revision: 'unknown', time: 'unknown'
System info: host: 'MengfeifeideMac-Mini.local', ip: '10.20.30.108', os.name: 'Mac OS X', os.arch: 'x86_64', os.version: '10.12.3', java.version: '1.8.0_121'
Driver info: io.appium.java_client.ios.IOSDriver
Capabilities [{app=/Users/mff/Desktop/workspace/AiXuePaiForIOS/src/test/resource/ettAiXuePaiNextGen.app, networkConnectionEnabled=false, noReset=false, bundleId=com.etiantian.ettaixuepai, databaseEnabled=false, deviceName=iPad mini2, platform=UNIX, platformVersion=9.3.3, webStorageEnabled=false, locationContextEnabled=false, automationName=XCUITest, browserName=, takesScreenshot=true, javascriptEnabled=true, udid=4d5a7ada1f9f8025019021777679610424440b68, platformName=iOS, autoAcceptAlerts=true}]
Session ID: 98cde486-9ed8-487f-9d12-cf38ecae1cc8
*** Element info: {Using=id, value=返回}
  sun.reflect.GeneratedConstructorAccessor10.newInstance(Unknown Source)
  sun.reflect.DelegatingConstructorAccessorImpl.newInstance(DelegatingConstructorAccessorImpl.java:45)
  java.lang.reflect.Constructor.newInstance(Constructor.java:423)
  org.openqa.selenium.remote.ErrorHandler.createThrowable(ErrorHandler.java:215)
  org.openqa.selenium.remote.ErrorHandler.throwIfResponseFailed(ErrorHandler.java:167)
  org.openqa.selenium.remote.RemoteWebDriver.execute(RemoteWebDriver.java:671)
  io.appium.java_client.DefaultGenericMobileDriver.execute(DefaultGenericMobileDriver.java:51)
  io.appium.java_client.AppiumDriver.execute(AppiumDriver.java:1)
  io.appium.java_client.ios.IOSDriver.execute(IOSDriver.java:1)
  org.openqa.selenium.remote.RemoteWebDriver.findElement(RemoteWebDriver.java:410)
  io.appium.java_client.DefaultGenericMobileDriver.findElement(DefaultGenericMobileDriver.java:67)
  io.appium.java_client.AppiumDriver.findElement(AppiumDriver.java:1)
  io.appium.java_client.ios.IOSDriver.findElement(IOSDriver.java:1)
  org.openqa.selenium.remote.RemoteWebDriver.findElementById(RemoteWebDriver.java:453)
  io.appium.java_client.DefaultGenericMobileDriver.findElementById(DefaultGenericMobileDriver.java:75)
  io.appium.java_client.AppiumDriver.findElementById(AppiumDriver.java:1)
  io.appium.java_client.ios.IOSDriver.findElementById(IOSDriver.java:1)
  org.openqa.selenium.By$ById.findElement(By.java:218)
  org.openqa.selenium.remote.RemoteWebDriver.findElement(RemoteWebDriver.java:402)
  io.appium.java_client.DefaultGenericMobileDriver.findElement(DefaultGenericMobileDriver.java:63)
  io.appium.java_client.AppiumDriver.findElement(AppiumDriver.java:1)
  io.appium.java_client.ios.IOSDriver.findElement(IOSDriver.java:1)
  iosTest.TeacherLoginTest.acceptPush(TeacherLoginTest.java:98)
  sun.reflect.NativeMethodAccessorImpl.invoke0(Native Method)
  sun.reflect.NativeMethodAccessorImpl.invoke(NativeMethodAccessorImpl.java:62)
  sun.reflect.DelegatingMethodAccessorImpl.invoke(DelegatingMethodAccessorImpl.java:43)
  java.lang.reflect.Method.invoke(Method.java:498)
  org.testng.internal.MethodInvocationHelper.invokeMethod(MethodInvocationHelper.java:85)
  org.testng.internal.Invoker.invokeMethod(Invoker.java:639)
  org.testng.internal.Invoker.invokeTestMethod(Invoker.java:816)
  org.testng.internal.Invoker.invokeTestMethods(Invoker.java:1124)
  org.testng.internal.TestMethodWorker.invokeTestMethods(TestMethodWorker.java:125)
  org.testng.internal.TestMethodWorker.run(TestMethodWorker.java:108)
  org.testng.TestRunner.privateRun(TestRunner.java:774)
  org.testng.TestRunner.run(TestRunner.java:624)
  org.testng.SuiteRunner.runTest(SuiteRunner.java:359)
  org.testng.SuiteRunner.runSequentially(SuiteRunner.java:354)
  org.testng.SuiteRunner.privateRun(SuiteRunner.java:312)
  org.testng.SuiteRunner.run(SuiteRunner.java:261)
  org.testng.SuiteRunnerWorker.runSuite(SuiteRunnerWorker.java:52)
  org.testng.SuiteRunnerWorker.run(SuiteRunnerWorker.java:86)
  org.testng.TestNG.runSuitesSequentially(TestNG.java:1215)
  org.testng.TestNG.runSuitesLocally(TestNG.java:1140)
  org.testng.TestNG.run(TestNG.java:1048)
  org.testng.IDEARemoteTestNG.run(IDEARemoteTestNG.java:72)
  org.testng.RemoteTestNGStarter.main(RemoteTestNGStarter.java:127)
  sun.reflect.NativeMethodAccessorImpl.invoke0(Native Method)
  sun.reflect.NativeMethodAccessorImpl.invoke(NativeMethodAccessorImpl.java:62)
  sun.reflect.DelegatingMethodAccessorImpl.invoke(DelegatingMethodAccessorImpl.java:43)
  java.lang.reflect.Method.invoke(Method.java:498)
  com.intellij.rt.execution.application.AppMain.main(AppMain.java:147)
]]>
      </failure>

          </testcase>
  
  
  
</testsuite>
